# JRE version: Java(TM) SE Runtime Environment (9.0+11) (build 9.0.4+11)
# Java VM: Java HotSpot(TM) 64-Bit Server VM (9.0.4+11, mixed mode, tiered, compressed oops, g1 gc, linux-amd64)
Heap:
 garbage-first heap   total 524288K, used 68969K [0x00000006c0000000, 0x00000006c0101000, 0x00000007c0000000)
  region size 1024K, 18 young (18432K), 7 survivors (7168K)
 Metaspace       used 20332K, capacity 21830K, committed 21936K, reserved 1069056K
  class space    used 1951K, capacity 2342K, committed 2432K, reserved 1048576K
GC Heap History (10 events):
Event: 15.730 GC heap before
{Heap before GC invocations=2 (full 0):
 garbage-first heap   total 524288K, used 83043K [0x00000006c0000000, 0x00000006c0101000, 0x00000007c0000000)
  region size 1024K, 56 young (57344K), 18 survivors (18432K)
 Metaspace       used 13583K, capacity 13918K, committed 14208K, reserved 1062912K
  class space    used 1291K, capacity 1351K, committed 1408K, reserved 1048576K
}
Event: 15.783 GC heap after
{Heap after GC invocations=3 (full 0):
 garbage-first heap   total 524288K, used 57343K [0x00000006c0000000, 0x00000006c0101000, 0x00000007c0000000)
  region size 1024K, 7 young (7168K), 7 survivors (7168K)
 Metaspace       used 13583K, capacity 13918K, committed 14208K, reserved 1062912K
  class space    used 1291K, capacity 1351K, committed 1408K, reserved 1048576K
}
Event: 17.200 GC heap before
{Heap before GC invocations=3 (full 0):
 garbage-first heap   total 524288K, used 75775K [0x00000006c0000000, 0x00000006c0101000, 0x00000007c0000000)
  region size 1024K, 25 young (25600K), 7 survivors (7168K)
 Metaspace       used 17041K, capacity 18186K, committed 18304K, reserved 1064960K
  class space    used 1672K, capacity 1892K, committed 1920K, reserved 1048576K
}
Event: 17.219 GC heap after
{Heap after GC invocations=4 (full 0):
 garbage-first heap   total 524288K, used 63487K [0x00000006c0000000, 0x00000006c0101000, 0x00000007c0000000)
  region size 1024K, 4 young (4096K), 4 survivors (4096K)
 Metaspace       used 17041K, capacity 18186K, committed 18304K, reserved 1064960K
  class space    used 1672K, capacity 1892K, committed 1920K, reserved 1048576K
}
Event: 18.891 GC heap before
{Heap before GC invocations=4 (full 0):
 garbage-first heap   total 524288K, used 92159K [0x00000006c0000000, 0x00000006c0101000, 0x00000007c0000000)
  region size 1024K, 32 young (32768K), 4 survivors (4096K)
 Metaspace       used 17293K, capacity 18450K, committed 18560K, reserved 1067008K
  class space    used 1672K, capacity 1892K, committed 1920K, reserved 1048576K
}
Event: 18.915 GC heap after
{Heap after GC invocations=5 (full 0):
 garbage-first heap   total 524288K, used 70960K [0x00000006c0000000, 0x00000006c0101000, 0x00000007c0000000)
  region size 1024K, 4 young (4096K), 4 survivors (4096K)
 Metaspace       used 17293K, capacity 18450K, committed 18560K, reserved 1067008K
  class space    used 1672K, capacity 1892K, committed 1920K, reserved 1048576K
}
Event: 21.089 GC heap before
{Heap before GC invocations=5 (full 0):
 garbage-first heap   total 524288K, used 133424K [0x00000006c0000000, 0x00000006c0101000, 0x00000007c0000000)
  region size 1024K, 64 young (65536K), 4 survivors (4096K)
 Metaspace       used 18257K, capacity 19476K, committed 19584K, reserved 1067008K
  class space    used 1755K, capacity 2090K, committed 2176K, reserved 1048576K
}
Event: 21.105 GC heap after
{Heap after GC invocations=6 (full 0):
 garbage-first heap   total 524288K, used 80842K [0x00000006c0000000, 0x00000006c0101000, 0x00000007c0000000)
  region size 1024K, 8 young (8192K), 8 survivors (8192K)
 Metaspace       used 18257K, capacity 19476K, committed 19584K, reserved 1067008K
  class space    used 1755K, capacity 2090K, committed 2176K, reserved 1048576K
}
Event: 22.656 GC heap before
{Heap before GC invocations=6 (full 0):
 garbage-first heap   total 524288K, used 154570K [0x00000006c0000000, 0x00000006c0101000, 0x00000007c0000000)
  region size 1024K, 80 young (81920K), 8 survivors (8192K)
 Metaspace       used 19746K, capacity 21244K, committed 21296K, reserved 1069056K
  class space    used 1891K, capacity 2297K, committed 2304K, reserved 1048576K
}
Event: 22.676 GC heap after
{Heap after GC invocations=7 (full 0):
 garbage-first heap   total 524288K, used 87401K [0x00000006c0000000, 0x00000006c0101000, 0x00000007c0000000)
  region size 1024K, 7 young (7168K), 7 survivors (7168K)
 Metaspace       used 19746K, capacity 21244K, committed 21296K, reserved 1069056K
  class space    used 1891K, capacity 2297K, committed 2304K, reserved 1048576K
}

